<?xml version="1.0" encoding="UTF-8"?>
<testsuite xmlns:xsi="http://www.w3.org/2001/XMLSchema-instance" xsi:noNamespaceSchemaLocation="https://maven.apache.org/surefire/maven-surefire-plugin/xsd/surefire-test-report.xsd" name="cucumberRunners.CucumberRunnerTest" time="14.792" tests="1" errors="0" skipped="0" failures="1">
  <properties>
    <property name="gopherProxySet" value="false"/>
    <property name="awt.toolkit" value="sun.lwawt.macosx.LWCToolkit"/>
    <property name="file.encoding.pkg" value="sun.io"/>
    <property name="java.specification.version" value="1.8"/>
    <property name="sun.cpu.isalist" value=""/>
    <property name="sun.jnu.encoding" value="UTF-8"/>
    <property name="java.class.path" value="/Users/pavaninandipati/GitHubProjects/contactus-test/target/test-classes:/Users/pavaninandipati/GitHubProjects/contactus-test/target/classes:/Users/pavaninandipati/.m2/repository/org/seleniumhq/selenium/selenium-java/3.141.59/selenium-java-3.141.59.jar:/Users/pavaninandipati/.m2/repository/org/seleniumhq/selenium/selenium-api/3.141.59/selenium-api-3.141.59.jar:/Users/pavaninandipati/.m2/repository/org/seleniumhq/selenium/selenium-chrome-driver/3.141.59/selenium-chrome-driver-3.141.59.jar:/Users/pavaninandipati/.m2/repository/org/seleniumhq/selenium/selenium-edge-driver/3.141.59/selenium-edge-driver-3.141.59.jar:/Users/pavaninandipati/.m2/repository/org/seleniumhq/selenium/selenium-firefox-driver/3.141.59/selenium-firefox-driver-3.141.59.jar:/Users/pavaninandipati/.m2/repository/org/seleniumhq/selenium/selenium-ie-driver/3.141.59/selenium-ie-driver-3.141.59.jar:/Users/pavaninandipati/.m2/repository/org/seleniumhq/selenium/selenium-opera-driver/3.141.59/selenium-opera-driver-3.141.59.jar:/Users/pavaninandipati/.m2/repository/org/seleniumhq/selenium/selenium-remote-driver/3.141.59/selenium-remote-driver-3.141.59.jar:/Users/pavaninandipati/.m2/repository/org/seleniumhq/selenium/selenium-safari-driver/3.141.59/selenium-safari-driver-3.141.59.jar:/Users/pavaninandipati/.m2/repository/org/seleniumhq/selenium/selenium-support/3.141.59/selenium-support-3.141.59.jar:/Users/pavaninandipati/.m2/repository/net/bytebuddy/byte-buddy/1.8.15/byte-buddy-1.8.15.jar:/Users/pavaninandipati/.m2/repository/org/apache/commons/commons-exec/1.3/commons-exec-1.3.jar:/Users/pavaninandipati/.m2/repository/com/google/guava/guava/25.0-jre/guava-25.0-jre.jar:/Users/pavaninandipati/.m2/repository/com/google/code/findbugs/jsr305/1.3.9/jsr305-1.3.9.jar:/Users/pavaninandipati/.m2/repository/org/checkerframework/checker-compat-qual/2.0.0/checker-compat-qual-2.0.0.jar:/Users/pavaninandipati/.m2/repository/com/google/errorprone/error_prone_annotations/2.1.3/error_prone_annotations-2.1.3.jar:/Users/pavaninandipati/.m2/repository/com/google/j2objc/j2objc-annotations/1.1/j2objc-annotations-1.1.jar:/Users/pavaninandipati/.m2/repository/org/codehaus/mojo/animal-sniffer-annotations/1.14/animal-sniffer-annotations-1.14.jar:/Users/pavaninandipati/.m2/repository/com/squareup/okhttp3/okhttp/3.11.0/okhttp-3.11.0.jar:/Users/pavaninandipati/.m2/repository/com/squareup/okio/okio/1.14.0/okio-1.14.0.jar:/Users/pavaninandipati/.m2/repository/org/seleniumhq/selenium/selenium-server/3.141.59/selenium-server-3.141.59.jar:/Users/pavaninandipati/.m2/repository/com/beust/jcommander/1.72/jcommander-1.72.jar:/Users/pavaninandipati/.m2/repository/net/jcip/jcip-annotations/1.0/jcip-annotations-1.0.jar:/Users/pavaninandipati/.m2/repository/org/seleniumhq/selenium/jetty-repacked/9.4.12.v20180830/jetty-repacked-9.4.12.v20180830.jar:/Users/pavaninandipati/.m2/repository/javax/servlet/javax.servlet-api/3.1.0/javax.servlet-api-3.1.0.jar:/Users/pavaninandipati/.m2/repository/org/yaml/snakeyaml/1.19/snakeyaml-1.19.jar:/Users/pavaninandipati/.m2/repository/org/testng/testng/6.14.3/testng-6.14.3.jar:/Users/pavaninandipati/.m2/repository/org/apache-extras/beanshell/bsh/2.0b6/bsh-2.0b6.jar:/Users/pavaninandipati/.m2/repository/io/cucumber/cucumber-core/4.0.1/cucumber-core-4.0.1.jar:/Users/pavaninandipati/.m2/repository/io/cucumber/cucumber-html/0.2.7/cucumber-html-0.2.7.jar:/Users/pavaninandipati/.m2/repository/io/cucumber/gherkin/5.1.0/gherkin-5.1.0.jar:/Users/pavaninandipati/.m2/repository/io/cucumber/tag-expressions/1.1.1/tag-expressions-1.1.1.jar:/Users/pavaninandipati/.m2/repository/io/cucumber/cucumber-expressions/6.1.0/cucumber-expressions-6.1.0.jar:/Users/pavaninandipati/.m2/repository/io/cucumber/datatable/1.1.3/datatable-1.1.3.jar:/Users/pavaninandipati/.m2/repository/io/cucumber/datatable-dependencies/1.1.3/datatable-dependencies-1.1.3.jar:/Users/pavaninandipati/.m2/repository/io/cucumber/cucumber-java/4.0.1/cucumber-java-4.0.1.jar:/Users/pavaninandipati/.m2/repository/io/cucumber/cucumber-testng/4.0.1/cucumber-testng-4.0.1.jar:/Users/pavaninandipati/.m2/repository/org/apache/maven/surefire/surefire-testng-utils/2.22.0/surefire-testng-utils-2.22.0.jar:/Users/pavaninandipati/.m2/repository/org/apache/maven/surefire/surefire-grouper/2.22.0/surefire-grouper-2.22.0.jar:"/>
    <property name="java.vm.vendor" value="Azul Systems, Inc."/>
    <property name="sun.arch.data.model" value="64"/>
    <property name="java.vendor.url" value="http://www.azulsystems.com/"/>
    <property name="user.timezone" value=""/>
    <property name="property" value=""/>
    <property name="java.vm.specification.version" value="1.8"/>
    <property name="os.name" value="Mac OS X"/>
    <property name="user.country" value="GB"/>
    <property name="sun.java.launcher" value="SUN_STANDARD"/>
    <property name="sun.boot.library.path" value="/Users/pavaninandipati/.sdkman/candidates/java/8.0.202-zulu/jre/lib"/>
    <property name="sun.java.command" value="/Users/pavaninandipati/GitHubProjects/contactus-test/target/surefire/surefirebooter2073403375968757931.jar /Users/pavaninandipati/GitHubProjects/contactus-test/target/surefire 2019-03-08T18-11-18_958-jvmRun1 surefire7223157534628444632tmp surefire_06606751317642810969tmp"/>
    <property name="http.nonProxyHosts" value="local|*.local|169.254/16|*.169.254/16"/>
    <property name="surefire.test.class.path" value="/Users/pavaninandipati/GitHubProjects/contactus-test/target/test-classes:/Users/pavaninandipati/GitHubProjects/contactus-test/target/classes:/Users/pavaninandipati/.m2/repository/org/seleniumhq/selenium/selenium-java/3.141.59/selenium-java-3.141.59.jar:/Users/pavaninandipati/.m2/repository/org/seleniumhq/selenium/selenium-api/3.141.59/selenium-api-3.141.59.jar:/Users/pavaninandipati/.m2/repository/org/seleniumhq/selenium/selenium-chrome-driver/3.141.59/selenium-chrome-driver-3.141.59.jar:/Users/pavaninandipati/.m2/repository/org/seleniumhq/selenium/selenium-edge-driver/3.141.59/selenium-edge-driver-3.141.59.jar:/Users/pavaninandipati/.m2/repository/org/seleniumhq/selenium/selenium-firefox-driver/3.141.59/selenium-firefox-driver-3.141.59.jar:/Users/pavaninandipati/.m2/repository/org/seleniumhq/selenium/selenium-ie-driver/3.141.59/selenium-ie-driver-3.141.59.jar:/Users/pavaninandipati/.m2/repository/org/seleniumhq/selenium/selenium-opera-driver/3.141.59/selenium-opera-driver-3.141.59.jar:/Users/pavaninandipati/.m2/repository/org/seleniumhq/selenium/selenium-remote-driver/3.141.59/selenium-remote-driver-3.141.59.jar:/Users/pavaninandipati/.m2/repository/org/seleniumhq/selenium/selenium-safari-driver/3.141.59/selenium-safari-driver-3.141.59.jar:/Users/pavaninandipati/.m2/repository/org/seleniumhq/selenium/selenium-support/3.141.59/selenium-support-3.141.59.jar:/Users/pavaninandipati/.m2/repository/net/bytebuddy/byte-buddy/1.8.15/byte-buddy-1.8.15.jar:/Users/pavaninandipati/.m2/repository/org/apache/commons/commons-exec/1.3/commons-exec-1.3.jar:/Users/pavaninandipati/.m2/repository/com/google/guava/guava/25.0-jre/guava-25.0-jre.jar:/Users/pavaninandipati/.m2/repository/com/google/code/findbugs/jsr305/1.3.9/jsr305-1.3.9.jar:/Users/pavaninandipati/.m2/repository/org/checkerframework/checker-compat-qual/2.0.0/checker-compat-qual-2.0.0.jar:/Users/pavaninandipati/.m2/repository/com/google/errorprone/error_prone_annotations/2.1.3/error_prone_annotations-2.1.3.jar:/Users/pavaninandipati/.m2/repository/com/google/j2objc/j2objc-annotations/1.1/j2objc-annotations-1.1.jar:/Users/pavaninandipati/.m2/repository/org/codehaus/mojo/animal-sniffer-annotations/1.14/animal-sniffer-annotations-1.14.jar:/Users/pavaninandipati/.m2/repository/com/squareup/okhttp3/okhttp/3.11.0/okhttp-3.11.0.jar:/Users/pavaninandipati/.m2/repository/com/squareup/okio/okio/1.14.0/okio-1.14.0.jar:/Users/pavaninandipati/.m2/repository/org/seleniumhq/selenium/selenium-server/3.141.59/selenium-server-3.141.59.jar:/Users/pavaninandipati/.m2/repository/com/beust/jcommander/1.72/jcommander-1.72.jar:/Users/pavaninandipati/.m2/repository/net/jcip/jcip-annotations/1.0/jcip-annotations-1.0.jar:/Users/pavaninandipati/.m2/repository/org/seleniumhq/selenium/jetty-repacked/9.4.12.v20180830/jetty-repacked-9.4.12.v20180830.jar:/Users/pavaninandipati/.m2/repository/javax/servlet/javax.servlet-api/3.1.0/javax.servlet-api-3.1.0.jar:/Users/pavaninandipati/.m2/repository/org/yaml/snakeyaml/1.19/snakeyaml-1.19.jar:/Users/pavaninandipati/.m2/repository/org/testng/testng/6.14.3/testng-6.14.3.jar:/Users/pavaninandipati/.m2/repository/org/apache-extras/beanshell/bsh/2.0b6/bsh-2.0b6.jar:/Users/pavaninandipati/.m2/repository/io/cucumber/cucumber-core/4.0.1/cucumber-core-4.0.1.jar:/Users/pavaninandipati/.m2/repository/io/cucumber/cucumber-html/0.2.7/cucumber-html-0.2.7.jar:/Users/pavaninandipati/.m2/repository/io/cucumber/gherkin/5.1.0/gherkin-5.1.0.jar:/Users/pavaninandipati/.m2/repository/io/cucumber/tag-expressions/1.1.1/tag-expressions-1.1.1.jar:/Users/pavaninandipati/.m2/repository/io/cucumber/cucumber-expressions/6.1.0/cucumber-expressions-6.1.0.jar:/Users/pavaninandipati/.m2/repository/io/cucumber/datatable/1.1.3/datatable-1.1.3.jar:/Users/pavaninandipati/.m2/repository/io/cucumber/datatable-dependencies/1.1.3/datatable-dependencies-1.1.3.jar:/Users/pavaninandipati/.m2/repository/io/cucumber/cucumber-java/4.0.1/cucumber-java-4.0.1.jar:/Users/pavaninandipati/.m2/repository/io/cucumber/cucumber-testng/4.0.1/cucumber-testng-4.0.1.jar:/Users/pavaninandipati/.m2/repository/org/apache/maven/surefire/surefire-testng-utils/2.22.0/surefire-testng-utils-2.22.0.jar:/Users/pavaninandipati/.m2/repository/org/apache/maven/surefire/surefire-grouper/2.22.0/surefire-grouper-2.22.0.jar:"/>
    <property name="sun.cpu.endian" value="little"/>
    <property name="user.home" value="/Users/pavaninandipati"/>
    <property name="user.language" value="en"/>
    <property name="java.specification.vendor" value="Oracle Corporation"/>
    <property name="java.home" value="/Users/pavaninandipati/.sdkman/candidates/java/8.0.202-zulu/jre"/>
    <property name="tags" value="@wip"/>
    <property name="basedir" value="/Users/pavaninandipati/GitHubProjects/contactus-test"/>
    <property name="file.separator" value="/"/>
    <property name="line.separator" value="&#10;"/>
    <property name="java.vm.specification.vendor" value="Oracle Corporation"/>
    <property name="java.specification.name" value="Java Platform API Specification"/>
    <property name="java.awt.graphicsenv" value="sun.awt.CGraphicsEnvironment"/>
    <property name="surefire.real.class.path" value="/Users/pavaninandipati/GitHubProjects/contactus-test/target/surefire/surefirebooter2073403375968757931.jar"/>
    <property name="sun.boot.class.path" value="/Users/pavaninandipati/.sdkman/candidates/java/8.0.202-zulu/jre/lib/resources.jar:/Users/pavaninandipati/.sdkman/candidates/java/8.0.202-zulu/jre/lib/rt.jar:/Users/pavaninandipati/.sdkman/candidates/java/8.0.202-zulu/jre/lib/sunrsasign.jar:/Users/pavaninandipati/.sdkman/candidates/java/8.0.202-zulu/jre/lib/jsse.jar:/Users/pavaninandipati/.sdkman/candidates/java/8.0.202-zulu/jre/lib/jce.jar:/Users/pavaninandipati/.sdkman/candidates/java/8.0.202-zulu/jre/lib/charsets.jar:/Users/pavaninandipati/.sdkman/candidates/java/8.0.202-zulu/jre/lib/jfr.jar:/Users/pavaninandipati/.sdkman/candidates/java/8.0.202-zulu/jre/classes"/>
    <property name="sun.management.compiler" value="HotSpot 64-Bit Tiered Compilers"/>
    <property name="ftp.nonProxyHosts" value="local|*.local|169.254/16|*.169.254/16"/>
    <property name="java.runtime.version" value="1.8.0_202-b05"/>
    <property name="user.name" value="pavaninandipati"/>
    <property name="path.separator" value=":"/>
    <property name="os.version" value="10.14.1"/>
    <property name="java.endorsed.dirs" value="/Users/pavaninandipati/.sdkman/candidates/java/8.0.202-zulu/jre/lib/endorsed"/>
    <property name="java.runtime.name" value="OpenJDK Runtime Environment"/>
    <property name="file.encoding" value="UTF-8"/>
    <property name="java.vm.name" value="OpenJDK 64-Bit Server VM"/>
    <property name="localRepository" value="/Users/pavaninandipati/.m2/repository"/>
    <property name="java.vendor.url.bug" value="http://www.azulsystems.com/support/"/>
    <property name="java.io.tmpdir" value="/var/folders/8p/3m50jvc53h7_02gd4d7szlhh0000gn/T/"/>
    <property name="idea.version" value="2018.3.1"/>
    <property name="java.version" value="1.8.0_202"/>
    <property name="user.dir" value="/Users/pavaninandipati/GitHubProjects/contactus-test"/>
    <property name="os.arch" value="x86_64"/>
    <property name="java.vm.specification.name" value="Java Virtual Machine Specification"/>
    <property name="java.awt.printerjob" value="sun.lwawt.macosx.CPrinterJob"/>
    <property name="sun.os.patch.level" value="unknown"/>
    <property name="java.library.path" value="/Users/pavaninandipati/Library/Java/Extensions:/Library/Java/Extensions:/Network/Library/Java/Extensions:/System/Library/Java/Extensions:/usr/lib/java:."/>
    <property name="java.vm.info" value="mixed mode"/>
    <property name="java.vendor" value="Azul Systems, Inc."/>
    <property name="java.vm.version" value="25.202-b05"/>
    <property name="java.ext.dirs" value="/Users/pavaninandipati/Library/Java/Extensions:/Users/pavaninandipati/.sdkman/candidates/java/8.0.202-zulu/jre/lib/ext:/Library/Java/Extensions:/Network/Library/Java/Extensions:/System/Library/Java/Extensions:/usr/lib/java"/>
    <property name="sun.io.unicode.encoding" value="UnicodeBig"/>
    <property name="java.class.version" value="52.0"/>
    <property name="socksNonProxyHosts" value="local|*.local|169.254/16|*.169.254/16"/>
  </properties>
  <testcase name="runScenario" classname="cucumberRunners.CucumberRunnerTest" time="14.413">
    <failure message="Cannot locate an element using xpath=//*[@id=&quot;___gatsby&quot;]/div/div[1]/div/div/form/div[4]&#10;For documentation on this error, please visit: https://www.seleniumhq.org/exceptions/no_such_element.html&#10;Build info: version: &apos;3.141.59&apos;, revision: &apos;e82be7d358&apos;, time: &apos;2018-11-14T08:17:03&apos;&#10;System info: host: &apos;Pavanis-MBP.connect&apos;, ip: &apos;fe80:0:0:0:14fd:a50f:9659:5ca2%en0&apos;, os.name: &apos;Mac OS X&apos;, os.arch: &apos;x86_64&apos;, os.version: &apos;10.14.1&apos;, java.version: &apos;1.8.0_202&apos;&#10;Driver info: driver.version: RemoteWebDriver" type="org.openqa.selenium.NoSuchElementException">org.openqa.selenium.NoSuchElementException: 
Cannot locate an element using xpath=//*[@id="___gatsby"]/div/div[1]/div/div/form/div[4]
For documentation on this error, please visit: https://www.seleniumhq.org/exceptions/no_such_element.html
Build info: version: '3.141.59', revision: 'e82be7d358', time: '2018-11-14T08:17:03'
System info: host: 'Pavanis-MBP.connect', ip: 'fe80:0:0:0:14fd:a50f:9659:5ca2%en0', os.name: 'Mac OS X', os.arch: 'x86_64', os.version: '10.14.1', java.version: '1.8.0_202'
Driver info: driver.version: RemoteWebDriver
</failure>
    <system-out><![CDATA[Feature: Verify that ContactUs page is working as expected

  @wip
  Scenario Outline: Test that User is able to submit the form Successfully &amp#27;[90m# src/test/resources/features/contactUs.feature:19&amp#27;[0m
    &amp#27;[36mAnd I enter Valid contact <Name> <Email> <Message> details in the Contact page&amp#27;[0m
    &amp#27;[36mWhen I submit the contact details&amp#27;[0m
    &amp#27;[36mThen I should see the Contact Page Success message&amp#27;[0m

    Examples: 

  Background:                               &amp#27;[90m# src/test/resources/features/contactUs.feature:3&amp#27;[0m
    &amp#27;[32mGiven &amp#27;[0m&amp#27;[32mI navigate to the Contact page&amp#27;[0m    &amp#27;[90m# ContactUsSteps.I_navigate_to_the_Contact_page()&amp#27;[0m
    &amp#27;[32mAnd &amp#27;[0m&amp#27;[32mI should see the Contact page title&amp#27;[0m &amp#27;[90m# ContactUsSteps.I_should_see_the_Contact_page_title()&amp#27;[0m

  @wip
  Scenario Outline: Test that User is able to submit the form Successfully               &amp#27;[90m# src/test/resources/features/contactUs.feature:25&amp#27;[0m
    &amp#27;[32mAnd &amp#27;[0m&amp#27;[32mI enter &amp#27;[0m&amp#27;[32m&amp#27;[1mValid&amp#27;[0m&amp#27;[32m contact &amp#27;[0m&amp#27;[32m&amp#27;[1mHi hello@test.com&amp#27;[0m&amp#27;[32m &amp#27;[0m&amp#27;[32m&amp#27;[1mTest&amp#27;[0m&amp#27;[32m &amp#27;[0m&amp#27;[32m&amp#27;[1mMessage&amp#27;[0m&amp#27;[32m details in the Contact page&amp#27;[0m &amp#27;[90m# ContactUsSteps.I_enter_contact_details_in_the_Contact_page(String,String,String,String)&amp#27;[0m
    &amp#27;[32mWhen &amp#27;[0m&amp#27;[32mI submit the contact details&amp#27;[0m                                                    &amp#27;[90m# ContactUsSteps.I_submit_the_contact_details()&amp#27;[0m
    &amp#27;[31mThen &amp#27;[0m&amp#27;[31mI should see the Contact Page Success message&amp#27;[0m                                   &amp#27;[90m# ContactUsSteps.I_should_see_the_Contact_Page_Success_message()&amp#27;[0m
      &amp#27;[31morg.openqa.selenium.NoSuchElementException: Cannot locate an element using xpath=//*[@id="___gatsby"]/div/div[1]/div/div/form/div[4]
For documentation on this error, please visit: https://www.seleniumhq.org/exceptions/no_such_element.html
Build info: version: '3.141.59', revision: 'e82be7d358', time: '2018-11-14T08:17:03'
System info: host: 'Pavanis-MBP.connect', ip: 'fe80:0:0:0:14fd:a50f:9659:5ca2%en0', os.name: 'Mac OS X', os.arch: 'x86_64', os.version: '10.14.1', java.version: '1.8.0_202'
Driver info: driver.version: RemoteWebDriver
	at org.openqa.selenium.remote.RemoteWebDriver.findElement(RemoteWebDriver.java:327)
	at org.openqa.selenium.remote.RemoteWebDriver.findElementByXPath(RemoteWebDriver.java:428)
	at org.openqa.selenium.By$ByXPath.findElement(By.java:353)
	at org.openqa.selenium.remote.RemoteWebDriver.findElement(RemoteWebDriver.java:315)
	at org.openqa.selenium.support.pagefactory.DefaultElementLocator.findElement(DefaultElementLocator.java:69)
	at org.openqa.selenium.support.pagefactory.internal.LocatingElementHandler.invoke(LocatingElementHandler.java:38)
	at com.sun.proxy.$Proxy17.getText(Unknown Source)
	at pom.ContactUsPage.verifyContactPageSuccessMessage(ContactUsPage.java:73)
	at stepDefinitions.ContactUsSteps.I_should_see_the_Contact_Page_Success_message(ContactUsSteps.java:51)
	at âœ½.I should see the Contact Page Success message(src/test/resources/features/contactUs.feature:22)
&amp#27;[0m
]]></system-out>
    <system-err><![CDATA[Starting ChromeDriver 2.45.615355 (d5698f682d8b2742017df6c81e0bd8e6a3063189) on port 41311
Only local connections are allowed.
Mar 08, 2019 6:11:20 PM org.openqa.selenium.remote.ProtocolHandshake createSession
INFO: Detected dialect: OSS
]]></system-err>
  </testcase>
</testsuite>