<?xml version="1.0" encoding="UTF-8"?>
<testsuite xmlns:xsi="http://www.w3.org/2001/XMLSchema-instance" xsi:noNamespaceSchemaLocation="https://maven.apache.org/surefire/maven-surefire-plugin/xsd/surefire-test-report.xsd" name="cucumberRunners.CucumberRunnerTest" time="20.625" tests="4" errors="0" skipped="0" failures="0">
  <properties>
[...]
</properties>
  <testcase name="runScenario" classname="cucumberRunners.CucumberRunnerTest" time="5.472"/>
  <testcase name="runScenario" classname="cucumberRunners.CucumberRunnerTest" time="4.837"/>
  <testcase name="runScenario" classname="cucumberRunners.CucumberRunnerTest" time="4.949"/>
  <testcase name="runScenario" classname="cucumberRunners.CucumberRunnerTest" time="5.021"/>
</testsuite>