<?xml version="1.0" encoding="UTF-8"?>
<testng-results skipped="0" failed="0" ignored="0" total="4" passed="4">
  <reporter-output>
  </reporter-output>
  <suite name="Surefire suite" duration-ms="20471" started-at="2019-03-20T13:00:42Z" finished-at="2019-03-20T13:01:02Z">
    <groups>
      <group name="cucumber">
        <method signature="AbstractTestNGCucumberTests.runScenario(cucumber.api.testng.PickleEventWrapper, cucumber.api.testng.CucumberFeatureWrapper)[pri:0, instance:cucumberRunners.CucumberRunnerTest@6b143ee9]" name="runScenario" class="cucumber.api.testng.AbstractTestNGCucumberTests"/>
      </group> <!-- cucumber -->
    </groups>
    <test name="Surefire test" duration-ms="20471" started-at="2019-03-20T13:00:42Z" finished-at="2019-03-20T13:01:02Z">
      <class name="cucumberRunners.CucumberRunnerTest">
        <test-method status="PASS" signature="setUpClass()[pri:0, instance:cucumberRunners.CucumberRunnerTest@6b143ee9]" name="setUpClass" is-config="true" duration-ms="96" started-at="2019-03-20T13:00:42Z" finished-at="2019-03-20T13:00:42Z">
          <reporter-output>
          </reporter-output>
        </test-method> <!-- setUpClass -->
        <test-method status="PASS" signature="runScenario(cucumber.api.testng.PickleEventWrapper, cucumber.api.testng.CucumberFeatureWrapper)[pri:0, instance:cucumberRunners.CucumberRunnerTest@6b143ee9]" name="runScenario" duration-ms="5471" started-at="2019-03-20T13:00:42Z" description="Runs Cucumber Scenarios" data-provider="scenarios" finished-at="2019-03-20T13:00:47Z">
          <params>
            <param index="0">
              <value>
                <![CDATA["Test that Login page functionality is working correctly with Invalid data"]]>
              </value>
            </param>
            <param index="1">
              <value>
                <![CDATA["Verify that Home page is working fine"]]>
              </value>
            </param>
          </params>
          <reporter-output>
          </reporter-output>
        </test-method> <!-- runScenario -->
        <test-method status="PASS" signature="runScenario(cucumber.api.testng.PickleEventWrapper, cucumber.api.testng.CucumberFeatureWrapper)[pri:0, instance:cucumberRunners.CucumberRunnerTest@6b143ee9]" name="runScenario" duration-ms="4838" started-at="2019-03-20T13:00:47Z" description="Runs Cucumber Scenarios" data-provider="scenarios" finished-at="2019-03-20T13:00:52Z">
          <params>
            <param index="0">
              <value>
                <![CDATA["Test that Login page functionality is working correctly with Invalid data"]]>
              </value>
            </param>
            <param index="1">
              <value>
                <![CDATA["Verify that Home page is working fine"]]>
              </value>
            </param>
          </params>
          <reporter-output>
          </reporter-output>
        </test-method> <!-- runScenario -->
        <test-method status="PASS" signature="runScenario(cucumber.api.testng.PickleEventWrapper, cucumber.api.testng.CucumberFeatureWrapper)[pri:0, instance:cucumberRunners.CucumberRunnerTest@6b143ee9]" name="runScenario" duration-ms="4949" started-at="2019-03-20T13:00:52Z" description="Runs Cucumber Scenarios" data-provider="scenarios" finished-at="2019-03-20T13:00:57Z">
          <params>
            <param index="0">
              <value>
                <![CDATA["Test that Login page functionality is working correctly with Invalid data"]]>
              </value>
            </param>
            <param index="1">
              <value>
                <![CDATA["Verify that Home page is working fine"]]>
              </value>
            </param>
          </params>
          <reporter-output>
          </reporter-output>
        </test-method> <!-- runScenario -->
        <test-method status="PASS" signature="runScenario(cucumber.api.testng.PickleEventWrapper, cucumber.api.testng.CucumberFeatureWrapper)[pri:0, instance:cucumberRunners.CucumberRunnerTest@6b143ee9]" name="runScenario" duration-ms="5021" started-at="2019-03-20T13:00:57Z" description="Runs Cucumber Scenarios" data-provider="scenarios" finished-at="2019-03-20T13:01:02Z">
          <params>
            <param index="0">
              <value>
                <![CDATA["Test that Registration page is opened correctly"]]>
              </value>
            </param>
            <param index="1">
              <value>
                <![CDATA["Verify that Home page is working fine"]]>
              </value>
            </param>
          </params>
          <reporter-output>
          </reporter-output>
        </test-method> <!-- runScenario -->
        <test-method status="PASS" signature="tearDownClass()[pri:0, instance:cucumberRunners.CucumberRunnerTest@6b143ee9]" name="tearDownClass" is-config="true" duration-ms="61" started-at="2019-03-20T13:01:02Z" finished-at="2019-03-20T13:01:02Z">
          <reporter-output>
          </reporter-output>
        </test-method> <!-- tearDownClass -->
      </class> <!-- cucumberRunners.CucumberRunnerTest -->
    </test> <!-- Surefire test -->
  </suite> <!-- Surefire suite -->
</testng-results>
