<?xml version="1.0" encoding="UTF-8"?>
<testng-results skipped="0" failed="1" ignored="0" total="1" passed="0">
  <reporter-output>
  </reporter-output>
  <suite name="Surefire suite" duration-ms="14596" started-at="2019-03-08T18:11:19Z" finished-at="2019-03-08T18:11:34Z">
    <groups>
      <group name="cucumber">
        <method signature="AbstractTestNGCucumberTests.runScenario(cucumber.api.testng.PickleEventWrapper, cucumber.api.testng.CucumberFeatureWrapper)[pri:0, instance:cucumberRunners.CucumberRunnerTest@47f6473]" name="runScenario" class="cucumber.api.testng.AbstractTestNGCucumberTests"/>
      </group> <!-- cucumber -->
    </groups>
    <test name="Surefire test" duration-ms="14596" started-at="2019-03-08T18:11:19Z" finished-at="2019-03-08T18:11:34Z">
      <class name="cucumberRunners.CucumberRunnerTest">
        <test-method status="PASS" signature="setUpClass()[pri:0, instance:cucumberRunners.CucumberRunnerTest@47f6473]" name="setUpClass" is-config="true" duration-ms="99" started-at="2019-03-08T18:11:19Z" finished-at="2019-03-08T18:11:19Z">
          <reporter-output>
          </reporter-output>
        </test-method> <!-- setUpClass -->
        <test-method status="FAIL" signature="runScenario(cucumber.api.testng.PickleEventWrapper, cucumber.api.testng.CucumberFeatureWrapper)[pri:0, instance:cucumberRunners.CucumberRunnerTest@47f6473]" name="runScenario" duration-ms="14406" started-at="2019-03-08T18:11:19Z" description="Runs Cucumber Scenarios" data-provider="scenarios" finished-at="2019-03-08T18:11:33Z">
          <params>
            <param index="0">
              <value>
                <![CDATA["Test that User is able to submit the form Successfully"]]>
              </value>
            </param>
            <param index="1">
              <value>
                <![CDATA["Verify that ContactUs page is working as expected"]]>
              </value>
            </param>
          </params>
          <exception class="org.openqa.selenium.NoSuchElementException">
            <message>
              <![CDATA[Cannot locate an element using xpath=//*[@id="___gatsby"]/div/div[1]/div/div/form/div[4]
For documentation on this error, please visit: https://www.seleniumhq.org/exceptions/no_such_element.html
Build info: version: '3.141.59', revision: 'e82be7d358', time: '2018-11-14T08:17:03'
System info: host: 'Pavanis-MBP.connect', ip: 'fe80:0:0:0:14fd:a50f:9659:5ca2%en0', os.name: 'Mac OS X', os.arch: 'x86_64', os.version: '10.14.1', java.version: '1.8.0_202'
Driver info: driver.version: RemoteWebDriver]]>
            </message>
            <full-stacktrace>
              <![CDATA[org.openqa.selenium.NoSuchElementException: Cannot locate an element using xpath=//*[@id="___gatsby"]/div/div[1]/div/div/form/div[4]
For documentation on this error, please visit: https://www.seleniumhq.org/exceptions/no_such_element.html
Build info: version: '3.141.59', revision: 'e82be7d358', time: '2018-11-14T08:17:03'
System info: host: 'Pavanis-MBP.connect', ip: 'fe80:0:0:0:14fd:a50f:9659:5ca2%en0', os.name: 'Mac OS X', os.arch: 'x86_64', os.version: '10.14.1', java.version: '1.8.0_202'
Driver info: driver.version: RemoteWebDriver
at org.openqa.selenium.remote.RemoteWebDriver.findElement(RemoteWebDriver.java:327)
at org.openqa.selenium.remote.RemoteWebDriver.findElementByXPath(RemoteWebDriver.java:428)
at org.openqa.selenium.By$ByXPath.findElement(By.java:353)
at org.openqa.selenium.remote.RemoteWebDriver.findElement(RemoteWebDriver.java:315)
at org.openqa.selenium.support.pagefactory.DefaultElementLocator.findElement(DefaultElementLocator.java:69)
at org.openqa.selenium.support.pagefactory.internal.LocatingElementHandler.invoke(LocatingElementHandler.java:38)
at com.sun.proxy.$Proxy17.getText(Unknown Source)
at pom.ContactUsPage.verifyContactPageSuccessMessage(ContactUsPage.java:73)
at stepDefinitions.ContactUsSteps.I_should_see_the_Contact_Page_Success_message(ContactUsSteps.java:51)
at ✽.I should see the Contact Page Success message(src/test/resources/features/contactUs.feature:22)
]]>
            </full-stacktrace>
          </exception> <!-- org.openqa.selenium.NoSuchElementException -->
          <reporter-output>
          </reporter-output>
        </test-method> <!-- runScenario -->
        <test-method status="PASS" signature="tearDownClass()[pri:0, instance:cucumberRunners.CucumberRunnerTest@47f6473]" name="tearDownClass" is-config="true" duration-ms="56" started-at="2019-03-08T18:11:33Z" finished-at="2019-03-08T18:11:34Z">
          <reporter-output>
          </reporter-output>
        </test-method> <!-- tearDownClass -->
      </class> <!-- cucumberRunners.CucumberRunnerTest -->
    </test> <!-- Surefire test -->
  </suite> <!-- Surefire suite -->
</testng-results>
