<?xml version="1.0" encoding="UTF-8"?>
<testsuite xmlns:xsi="http://www.w3.org/2001/XMLSchema-instance" xsi:noNamespaceSchemaLocation="https://maven.apache.org/surefire/maven-surefire-plugin/xsd/surefire-test-report.xsd" name="cucumberRunners.CucumberRunnerTest" time="14.792" tests="1" errors="0" skipped="0" failures="1">
  <properties>
[...]
</properties>
  <testcase name="runScenario" classname="cucumberRunners.CucumberRunnerTest" time="14.413">
    <failure message="Cannot locate an element using xpath=//*[@id=&quot;___gatsby&quot;]/div/div[1]/div/div/form/div[4]&#10;For documentation on this error, please visit: https://www.seleniumhq.org/exceptions/no_such_element.html&#10;Build info: version: &apos;3.141.59&apos;, revision: &apos;e82be7d358&apos;, time: &apos;2018-11-14T08:17:03&apos;&#10;System info: host: &apos;Pavanis-MBP.connect&apos;, ip: &apos;fe80:0:0:0:14fd:a50f:9659:5ca2%en0&apos;, os.name: &apos;Mac OS X&apos;, os.arch: &apos;x86_64&apos;, os.version: &apos;10.14.1&apos;, java.version: &apos;1.8.0_202&apos;&#10;Driver info: driver.version: RemoteWebDriver" type="org.openqa.selenium.NoSuchElementException">org.openqa.selenium.NoSuchElementException: 
Cannot locate an element using xpath=//*[@id="___gatsby"]/div/div[1]/div/div/form/div[4]
For documentation on this error, please visit: https://www.seleniumhq.org/exceptions/no_such_element.html
Build info: version: '3.141.59', revision: 'e82be7d358', time: '2018-11-14T08:17:03'
System info: host: 'Pavanis-MBP.connect', ip: 'fe80:0:0:0:14fd:a50f:9659:5ca2%en0', os.name: 'Mac OS X', os.arch: 'x86_64', os.version: '10.14.1', java.version: '1.8.0_202'
Driver info: driver.version: RemoteWebDriver
</failure>
    <system-out><![CDATA[Feature: Verify that ContactUs page is working as expected

  @wip
  Scenario Outline: Test that User is able to submit the form Successfully &amp#27;[90m# src/test/resources/features/contactUs.feature:19&amp#27;[0m
    &amp#27;[36mAnd I enter Valid contact <Name> <Email> <Message> details in the Contact page&amp#27;[0m
    &amp#27;[36mWhen I submit the contact details&amp#27;[0m
    &amp#27;[36mThen I should see the Contact Page Success message&amp#27;[0m

    Examples: 

  Background:                               &amp#27;[90m# src/test/resources/features/contactUs.feature:3&amp#27;[0m
    &amp#27;[32mGiven &amp#27;[0m&amp#27;[32mI navigate to the Contact page&amp#27;[0m    &amp#27;[90m# ContactUsSteps.I_navigate_to_the_Contact_page()&amp#27;[0m
    &amp#27;[32mAnd &amp#27;[0m&amp#27;[32mI should see the Contact page title&amp#27;[0m &amp#27;[90m# ContactUsSteps.I_should_see_the_Contact_page_title()&amp#27;[0m

  @wip
  Scenario Outline: Test that User is able to submit the form Successfully               &amp#27;[90m# src/test/resources/features/contactUs.feature:25&amp#27;[0m
    &amp#27;[32mAnd &amp#27;[0m&amp#27;[32mI enter &amp#27;[0m&amp#27;[32m&amp#27;[1mValid&amp#27;[0m&amp#27;[32m contact &amp#27;[0m&amp#27;[32m&amp#27;[1mHi hello@test.com&amp#27;[0m&amp#27;[32m &amp#27;[0m&amp#27;[32m&amp#27;[1mTest&amp#27;[0m&amp#27;[32m &amp#27;[0m&amp#27;[32m&amp#27;[1mMessage&amp#27;[0m&amp#27;[32m details in the Contact page&amp#27;[0m &amp#27;[90m# ContactUsSteps.I_enter_contact_details_in_the_Contact_page(String,String,String,String)&amp#27;[0m
    &amp#27;[32mWhen &amp#27;[0m&amp#27;[32mI submit the contact details&amp#27;[0m                                                    &amp#27;[90m# ContactUsSteps.I_submit_the_contact_details()&amp#27;[0m
    &amp#27;[31mThen &amp#27;[0m&amp#27;[31mI should see the Contact Page Success message&amp#27;[0m                                   &amp#27;[90m# ContactUsSteps.I_should_see_the_Contact_Page_Success_message()&amp#27;[0m
      &amp#27;[31morg.openqa.selenium.NoSuchElementException: Cannot locate an element using xpath=//*[@id="___gatsby"]/div/div[1]/div/div/form/div[4]
For documentation on this error, please visit: https://www.seleniumhq.org/exceptions/no_such_element.html
Build info: version: '3.141.59', revision: 'e82be7d358', time: '2018-11-14T08:17:03'
System info: host: 'Pavanis-MBP.connect', ip: 'fe80:0:0:0:14fd:a50f:9659:5ca2%en0', os.name: 'Mac OS X', os.arch: 'x86_64', os.version: '10.14.1', java.version: '1.8.0_202'
Driver info: driver.version: RemoteWebDriver
	at org.openqa.selenium.remote.RemoteWebDriver.findElement(RemoteWebDriver.java:327)
	at org.openqa.selenium.remote.RemoteWebDriver.findElementByXPath(RemoteWebDriver.java:428)
	at org.openqa.selenium.By$ByXPath.findElement(By.java:353)
	at org.openqa.selenium.remote.RemoteWebDriver.findElement(RemoteWebDriver.java:315)
	at org.openqa.selenium.support.pagefactory.DefaultElementLocator.findElement(DefaultElementLocator.java:69)
	at org.openqa.selenium.support.pagefactory.internal.LocatingElementHandler.invoke(LocatingElementHandler.java:38)
	at com.sun.proxy.$Proxy17.getText(Unknown Source)
	at pom.ContactUsPage.verifyContactPageSuccessMessage(ContactUsPage.java:73)
	at stepDefinitions.ContactUsSteps.I_should_see_the_Contact_Page_Success_message(ContactUsSteps.java:51)
	at ✽.I should see the Contact Page Success message(src/test/resources/features/contactUs.feature:22)
&amp#27;[0m
]]></system-out>
    <system-err><![CDATA[Starting ChromeDriver 2.45.615355 (d5698f682d8b2742017df6c81e0bd8e6a3063189) on port 41311
Only local connections are allowed.
Mar 08, 2019 6:11:20 PM org.openqa.selenium.remote.ProtocolHandshake createSession
INFO: Detected dialect: OSS
]]></system-err>
  </testcase>
</testsuite>