<?xml version="1.0" encoding="UTF-8" standalone="no"?>
<testsuite failures="0" name="cucumber.runtime.formatter.JUnitFormatter" skipped="0" tests="4" time="20.20831">
<testcase classname="Verify that Home page is working fine" name="Test that Login page functionality is working correctly with Invalid data" time="5.402835">
<system-out><![CDATA[Given I am on the Home page.................................................passed
When I click on the SignIn link.............................................passed
And I enter invalid Username ...............................................passed
And I enter invalid Password ...............................................passed
And I submit login details..................................................passed
]]></system-out>
</testcase>
<testcase classname="Verify that Home page is working fine" name="Test that Login page functionality is working correctly with Invalid data 2" time="4.836918">
<system-out><![CDATA[Given I am on the Home page.................................................passed
When I click on the SignIn link.............................................passed
And I enter invalid Username Hi.............................................passed
And I enter invalid Password ...............................................passed
And I submit login details..................................................passed
]]></system-out>
</testcase>
<testcase classname="Verify that Home page is working fine" name="Test that Login page functionality is working correctly with Invalid data 3" time="4.948347">
<system-out><![CDATA[Given I am on the Home page.................................................passed
When I click on the SignIn link.............................................passed
And I enter invalid Username Hi.............................................passed
And I enter invalid Password hello..........................................passed
And I submit login details..................................................passed
]]></system-out>
</testcase>
<testcase classname="Verify that Home page is working fine" name="Test that Registration page is opened correctly" time="5.02021">
<system-out><![CDATA[Given I am on the Home page.................................................passed
When I click on the Join Now link...........................................passed
Then I should see the Join Now page is opened in the same tab...............passed
]]></system-out>
</testcase>
</testsuite>
